-- Install configuration: ""
-- Up-to-date: /home/anm-vi/Techtory/src/install/techtory_cobotta_moveit/share/ament_index/resource_index/package_run_dependencies/techtory_cobotta_moveit
-- Up-to-date: /home/anm-vi/Techtory/src/install/techtory_cobotta_moveit/share/ament_index/resource_index/parent_prefix_path/techtory_cobotta_moveit
-- Up-to-date: /home/anm-vi/Techtory/src/install/techtory_cobotta_moveit/share/techtory_cobotta_moveit/environment/ament_prefix_path.sh
-- Up-to-date: /home/anm-vi/Techtory/src/install/techtory_cobotta_moveit/share/techtory_cobotta_moveit/environment/ament_prefix_path.dsv
-- Up-to-date: /home/anm-vi/Techtory/src/install/techtory_cobotta_moveit/share/techtory_cobotta_moveit/environment/path.sh
-- Up-to-date: /home/anm-vi/Techtory/src/install/techtory_cobotta_moveit/share/techtory_cobotta_moveit/environment/path.dsv
-- Up-to-date: /home/anm-vi/Techtory/src/install/techtory_cobotta_moveit/share/techtory_cobotta_moveit/local_setup.bash
-- Up-to-date: /home/anm-vi/Techtory/src/install/techtory_cobotta_moveit/share/techtory_cobotta_moveit/local_setup.sh
-- Up-to-date: /home/anm-vi/Techtory/src/install/techtory_cobotta_moveit/share/techtory_cobotta_moveit/local_setup.zsh
-- Up-to-date: /home/anm-vi/Techtory/src/install/techtory_cobotta_moveit/share/techtory_cobotta_moveit/local_setup.dsv
-- Up-to-date: /home/anm-vi/Techtory/src/install/techtory_cobotta_moveit/share/techtory_cobotta_moveit/package.dsv
-- Up-to-date: /home/anm-vi/Techtory/src/install/techtory_cobotta_moveit/share/ament_index/resource_index/packages/techtory_cobotta_moveit
-- Up-to-date: /home/anm-vi/Techtory/src/install/techtory_cobotta_moveit/share/techtory_cobotta_moveit/cmake/techtory_cobotta_moveitConfig.cmake
-- Up-to-date: /home/anm-vi/Techtory/src/install/techtory_cobotta_moveit/share/techtory_cobotta_moveit/cmake/techtory_cobotta_moveitConfig-version.cmake
-- Up-to-date: /home/anm-vi/Techtory/src/install/techtory_cobotta_moveit/share/techtory_cobotta_moveit/package.xml
-- Up-to-date: /home/anm-vi/Techtory/src/install/techtory_cobotta_moveit/share/techtory_cobotta_moveit/launch
-- Up-to-date: /home/anm-vi/Techtory/src/install/techtory_cobotta_moveit/share/techtory_cobotta_moveit/launch/move_group.launch.py
-- Up-to-date: /home/anm-vi/Techtory/src/install/techtory_cobotta_moveit/share/techtory_cobotta_moveit/launch/spawn_controllers.launch.py
-- Up-to-date: /home/anm-vi/Techtory/src/install/techtory_cobotta_moveit/share/techtory_cobotta_moveit/launch/rsp.launch.py
-- Up-to-date: /home/anm-vi/Techtory/src/install/techtory_cobotta_moveit/share/techtory_cobotta_moveit/launch/setup_assistant.launch.py
-- Up-to-date: /home/anm-vi/Techtory/src/install/techtory_cobotta_moveit/share/techtory_cobotta_moveit/launch/demo.launch.py
-- Up-to-date: /home/anm-vi/Techtory/src/install/techtory_cobotta_moveit/share/techtory_cobotta_moveit/launch/moveit_rviz.launch.py
-- Up-to-date: /home/anm-vi/Techtory/src/install/techtory_cobotta_moveit/share/techtory_cobotta_moveit/launch/warehouse_db.launch.py
-- Up-to-date: /home/anm-vi/Techtory/src/install/techtory_cobotta_moveit/share/techtory_cobotta_moveit/launch/static_virtual_joint_tfs.launch.py
-- Up-to-date: /home/anm-vi/Techtory/src/install/techtory_cobotta_moveit/share/techtory_cobotta_moveit/config
-- Up-to-date: /home/anm-vi/Techtory/src/install/techtory_cobotta_moveit/share/techtory_cobotta_moveit/config/moveit.rviz
-- Up-to-date: /home/anm-vi/Techtory/src/install/techtory_cobotta_moveit/share/techtory_cobotta_moveit/config/initial_positions.yaml
-- Up-to-date: /home/anm-vi/Techtory/src/install/techtory_cobotta_moveit/share/techtory_cobotta_moveit/config/pilz_cartesian_limits.yaml
-- Up-to-date: /home/anm-vi/Techtory/src/install/techtory_cobotta_moveit/share/techtory_cobotta_moveit/config/techtory_demo_description.ros2_control.xacro
-- Up-to-date: /home/anm-vi/Techtory/src/install/techtory_cobotta_moveit/share/techtory_cobotta_moveit/config/techtory_demo_description
-- Up-to-date: /home/anm-vi/Techtory/src/install/techtory_cobotta_moveit/share/techtory_cobotta_moveit/config/techtory_demo_description/configuration
-- Up-to-date: /home/anm-vi/Techtory/src/install/techtory_cobotta_moveit/share/techtory_cobotta_moveit/config/techtory_demo_description/configuration/techtory_demo_description_base.usd
-- Up-to-date: /home/anm-vi/Techtory/src/install/techtory_cobotta_moveit/share/techtory_cobotta_moveit/config/techtory_demo_description/configuration/techtory_demo_description_physics.usd
-- Up-to-date: /home/anm-vi/Techtory/src/install/techtory_cobotta_moveit/share/techtory_cobotta_moveit/config/techtory_demo_description/configuration/techtory_demo_description_sensor.usd
-- Up-to-date: /home/anm-vi/Techtory/src/install/techtory_cobotta_moveit/share/techtory_cobotta_moveit/config/techtory_demo_description/configuration/techtory_demo_description_robot.usd
-- Up-to-date: /home/anm-vi/Techtory/src/install/techtory_cobotta_moveit/share/techtory_cobotta_moveit/config/techtory_demo_description/techtory_demo_description.usd
-- Up-to-date: /home/anm-vi/Techtory/src/install/techtory_cobotta_moveit/share/techtory_cobotta_moveit/config/kinematics.yaml
-- Installing: /home/anm-vi/Techtory/src/install/techtory_cobotta_moveit/share/techtory_cobotta_moveit/config/moveit_controllers.yaml
-- Up-to-date: /home/anm-vi/Techtory/src/install/techtory_cobotta_moveit/share/techtory_cobotta_moveit/config/techtory_demo_description.urdf.xacro
-- Up-to-date: /home/anm-vi/Techtory/src/install/techtory_cobotta_moveit/share/techtory_cobotta_moveit/config/isaac_ros_cumotion_planning.yaml
-- Up-to-date: /home/anm-vi/Techtory/src/install/techtory_cobotta_moveit/share/techtory_cobotta_moveit/config/joint_limits.yaml
-- Up-to-date: /home/anm-vi/Techtory/src/install/techtory_cobotta_moveit/share/techtory_cobotta_moveit/config/ros2_controllers.yaml
-- Up-to-date: /home/anm-vi/Techtory/src/install/techtory_cobotta_moveit/share/techtory_cobotta_moveit/config/techtory_demo_description.srdf
-- Up-to-date: /home/anm-vi/Techtory/src/install/techtory_cobotta_moveit/share/techtory_cobotta_moveit/.setup_assistant
