[0.011s] Invoking command in '/home/anm-vi/Techtory/src/build/techtory_cobotta_moveit': CMAKE_PREFIX_PATH=${CMAKE_PREFIX_PATH}:/home/anm-vi/Techtory/install/onrobot_rg_modbus_tcp:/home/anm-vi/Techtory/install/onrobot_rg_control:/home/anm-vi/Techtory/install/techtory_cobotta_system:/opt/ros/jazzy DEBUGINFOD_URLS=https://debuginfod.ubuntu.com /usr/bin/cmake --build /home/anm-vi/Techtory/src/build/techtory_cobotta_moveit -- -j52 -l52
[0.044s] Invoked command in '/home/anm-vi/Techtory/src/build/techtory_cobotta_moveit' returned '0': CMAKE_PREFIX_PATH=${CMAKE_PREFIX_PATH}:/home/anm-vi/Techtory/install/onrobot_rg_modbus_tcp:/home/anm-vi/Techtory/install/onrobot_rg_control:/home/anm-vi/Techtory/install/techtory_cobotta_system:/opt/ros/jazzy DEBUGINFOD_URLS=https://debuginfod.ubuntu.com /usr/bin/cmake --build /home/anm-vi/Techtory/src/build/techtory_cobotta_moveit -- -j52 -l52
[0.052s] Invoking command in '/home/anm-vi/Techtory/src/build/techtory_cobotta_moveit': CMAKE_PREFIX_PATH=${CMAKE_PREFIX_PATH}:/home/anm-vi/Techtory/install/onrobot_rg_modbus_tcp:/home/anm-vi/Techtory/install/onrobot_rg_control:/home/anm-vi/Techtory/install/techtory_cobotta_system:/opt/ros/jazzy DEBUGINFOD_URLS=https://debuginfod.ubuntu.com /usr/bin/cmake --install /home/anm-vi/Techtory/src/build/techtory_cobotta_moveit
[0.058s] -- Install configuration: ""
[0.058s] -- Up-to-date: /home/anm-vi/Techtory/src/install/techtory_cobotta_moveit/share/ament_index/resource_index/package_run_dependencies/techtory_cobotta_moveit
[0.058s] -- Up-to-date: /home/anm-vi/Techtory/src/install/techtory_cobotta_moveit/share/ament_index/resource_index/parent_prefix_path/techtory_cobotta_moveit
[0.059s] -- Up-to-date: /home/anm-vi/Techtory/src/install/techtory_cobotta_moveit/share/techtory_cobotta_moveit/environment/ament_prefix_path.sh
[0.059s] -- Up-to-date: /home/anm-vi/Techtory/src/install/techtory_cobotta_moveit/share/techtory_cobotta_moveit/environment/ament_prefix_path.dsv
[0.059s] -- Up-to-date: /home/anm-vi/Techtory/src/install/techtory_cobotta_moveit/share/techtory_cobotta_moveit/environment/path.sh
[0.059s] -- Up-to-date: /home/anm-vi/Techtory/src/install/techtory_cobotta_moveit/share/techtory_cobotta_moveit/environment/path.dsv
[0.059s] -- Up-to-date: /home/anm-vi/Techtory/src/install/techtory_cobotta_moveit/share/techtory_cobotta_moveit/local_setup.bash
[0.059s] -- Up-to-date: /home/anm-vi/Techtory/src/install/techtory_cobotta_moveit/share/techtory_cobotta_moveit/local_setup.sh
[0.059s] -- Up-to-date: /home/anm-vi/Techtory/src/install/techtory_cobotta_moveit/share/techtory_cobotta_moveit/local_setup.zsh
[0.059s] -- Up-to-date: /home/anm-vi/Techtory/src/install/techtory_cobotta_moveit/share/techtory_cobotta_moveit/local_setup.dsv
[0.059s] -- Up-to-date: /home/anm-vi/Techtory/src/install/techtory_cobotta_moveit/share/techtory_cobotta_moveit/package.dsv
[0.059s] -- Up-to-date: /home/anm-vi/Techtory/src/install/techtory_cobotta_moveit/share/ament_index/resource_index/packages/techtory_cobotta_moveit
[0.059s] -- Up-to-date: /home/anm-vi/Techtory/src/install/techtory_cobotta_moveit/share/techtory_cobotta_moveit/cmake/techtory_cobotta_moveitConfig.cmake
[0.060s] -- Up-to-date: /home/anm-vi/Techtory/src/install/techtory_cobotta_moveit/share/techtory_cobotta_moveit/cmake/techtory_cobotta_moveitConfig-version.cmake
[0.060s] -- Up-to-date: /home/anm-vi/Techtory/src/install/techtory_cobotta_moveit/share/techtory_cobotta_moveit/package.xml
[0.060s] -- Up-to-date: /home/anm-vi/Techtory/src/install/techtory_cobotta_moveit/share/techtory_cobotta_moveit/launch
[0.060s] -- Up-to-date: /home/anm-vi/Techtory/src/install/techtory_cobotta_moveit/share/techtory_cobotta_moveit/launch/move_group.launch.py
[0.060s] -- Up-to-date: /home/anm-vi/Techtory/src/install/techtory_cobotta_moveit/share/techtory_cobotta_moveit/launch/spawn_controllers.launch.py
[0.060s] -- Up-to-date: /home/anm-vi/Techtory/src/install/techtory_cobotta_moveit/share/techtory_cobotta_moveit/launch/rsp.launch.py
[0.060s] -- Up-to-date: /home/anm-vi/Techtory/src/install/techtory_cobotta_moveit/share/techtory_cobotta_moveit/launch/setup_assistant.launch.py
[0.060s] -- Up-to-date: /home/anm-vi/Techtory/src/install/techtory_cobotta_moveit/share/techtory_cobotta_moveit/launch/demo.launch.py
[0.060s] -- Up-to-date: /home/anm-vi/Techtory/src/install/techtory_cobotta_moveit/share/techtory_cobotta_moveit/launch/moveit_rviz.launch.py
[0.060s] -- Up-to-date: /home/anm-vi/Techtory/src/install/techtory_cobotta_moveit/share/techtory_cobotta_moveit/launch/warehouse_db.launch.py
[0.060s] -- Up-to-date: /home/anm-vi/Techtory/src/install/techtory_cobotta_moveit/share/techtory_cobotta_moveit/launch/static_virtual_joint_tfs.launch.py
[0.060s] -- Up-to-date: /home/anm-vi/Techtory/src/install/techtory_cobotta_moveit/share/techtory_cobotta_moveit/config
[0.060s] -- Up-to-date: /home/anm-vi/Techtory/src/install/techtory_cobotta_moveit/share/techtory_cobotta_moveit/config/moveit.rviz
[0.060s] -- Up-to-date: /home/anm-vi/Techtory/src/install/techtory_cobotta_moveit/share/techtory_cobotta_moveit/config/initial_positions.yaml
[0.060s] -- Up-to-date: /home/anm-vi/Techtory/src/install/techtory_cobotta_moveit/share/techtory_cobotta_moveit/config/pilz_cartesian_limits.yaml
[0.060s] -- Up-to-date: /home/anm-vi/Techtory/src/install/techtory_cobotta_moveit/share/techtory_cobotta_moveit/config/techtory_demo_description.ros2_control.xacro
[0.060s] -- Up-to-date: /home/anm-vi/Techtory/src/install/techtory_cobotta_moveit/share/techtory_cobotta_moveit/config/techtory_demo_description
[0.060s] -- Up-to-date: /home/anm-vi/Techtory/src/install/techtory_cobotta_moveit/share/techtory_cobotta_moveit/config/techtory_demo_description/configuration
[0.061s] -- Up-to-date: /home/anm-vi/Techtory/src/install/techtory_cobotta_moveit/share/techtory_cobotta_moveit/config/techtory_demo_description/configuration/techtory_demo_description_base.usd
[0.061s] -- Up-to-date: /home/anm-vi/Techtory/src/install/techtory_cobotta_moveit/share/techtory_cobotta_moveit/config/techtory_demo_description/configuration/techtory_demo_description_physics.usd
[0.061s] -- Up-to-date: /home/anm-vi/Techtory/src/install/techtory_cobotta_moveit/share/techtory_cobotta_moveit/config/techtory_demo_description/configuration/techtory_demo_description_sensor.usd
[0.061s] -- Up-to-date: /home/anm-vi/Techtory/src/install/techtory_cobotta_moveit/share/techtory_cobotta_moveit/config/techtory_demo_description/configuration/techtory_demo_description_robot.usd
[0.061s] -- Up-to-date: /home/anm-vi/Techtory/src/install/techtory_cobotta_moveit/share/techtory_cobotta_moveit/config/techtory_demo_description/techtory_demo_description.usd
[0.061s] -- Up-to-date: /home/anm-vi/Techtory/src/install/techtory_cobotta_moveit/share/techtory_cobotta_moveit/config/kinematics.yaml
[0.061s] -- Installing: /home/anm-vi/Techtory/src/install/techtory_cobotta_moveit/share/techtory_cobotta_moveit/config/moveit_controllers.yaml
[0.061s] -- Up-to-date: /home/anm-vi/Techtory/src/install/techtory_cobotta_moveit/share/techtory_cobotta_moveit/config/techtory_demo_description.urdf.xacro
[0.061s] -- Up-to-date: /home/anm-vi/Techtory/src/install/techtory_cobotta_moveit/share/techtory_cobotta_moveit/config/isaac_ros_cumotion_planning.yaml
[0.061s] -- Up-to-date: /home/anm-vi/Techtory/src/install/techtory_cobotta_moveit/share/techtory_cobotta_moveit/config/joint_limits.yaml
[0.061s] -- Up-to-date: /home/anm-vi/Techtory/src/install/techtory_cobotta_moveit/share/techtory_cobotta_moveit/config/ros2_controllers.yaml
[0.061s] -- Up-to-date: /home/anm-vi/Techtory/src/install/techtory_cobotta_moveit/share/techtory_cobotta_moveit/config/techtory_demo_description.srdf
[0.061s] -- Up-to-date: /home/anm-vi/Techtory/src/install/techtory_cobotta_moveit/share/techtory_cobotta_moveit/.setup_assistant
[0.061s] Invoked command in '/home/anm-vi/Techtory/src/build/techtory_cobotta_moveit' returned '0': CMAKE_PREFIX_PATH=${CMAKE_PREFIX_PATH}:/home/anm-vi/Techtory/install/onrobot_rg_modbus_tcp:/home/anm-vi/Techtory/install/onrobot_rg_control:/home/anm-vi/Techtory/install/techtory_cobotta_system:/opt/ros/jazzy DEBUGINFOD_URLS=https://debuginfod.ubuntu.com /usr/bin/cmake --install /home/anm-vi/Techtory/src/build/techtory_cobotta_moveit
